#
# There is insufficient memory for the Java Runtime Environment to continue.
# Native memory allocation (malloc) failed to allocate 1853616 bytes for Chunk::new
# Possible reasons:
#   The system is out of physical RAM or swap space
#   The process is running with CompressedOops enabled, and the Java Heap may be blocking the growth of the native heap
# Possible solutions:
#   Reduce memory load on the system
#   Increase physical memory or swap space
#   Check if swap backing store is full
#   Decrease Java heap size (-Xmx/-Xms)
#   Decrease number of Java threads
#   Decrease Java thread stack sizes (-Xss)
#   Set larger code cache with -XX:ReservedCodeCacheSize=
#   JVM is running with Unscaled Compressed Oops mode in which the Java heap is
#     placed in the first 4GB address space. The Java Heap base address is the
#     maximum limit for the native heap growth. Please use -XX:HeapBaseMinAddress
#     to set the Java Heap base and to place the Java Heap above 4GB virtual address.
# This output file may be truncated or incomplete.
#
#  Out of Memory Error (allocation.cpp:389), pid=26480, tid=0x0000000000001fb8
#
# JRE version: OpenJDK Runtime Environment (8.0_242-b01) (build 1.8.0_242-release-1644-b01)
# Java VM: OpenJDK 64-Bit Server VM (25.242-b01 mixed mode windows-amd64 compressed oops)
# Failed to write core dump. Minidumps are not enabled by default on client versions of Windows
#

---------------  T H R E A D  ---------------

Current thread (0x0000000019796800):  JavaThread "C2 CompilerThread1" daemon [_thread_in_native, id=8120, stack(0x000000001a150000,0x000000001a250000)]

Stack: [0x000000001a150000,0x000000001a250000]
[error occurred during error reporting (printing stack bounds), id 0xc0000005]

Native frames: (J=compiled Java code, j=interpreted, Vv=VM code, C=native code)


Current CompileTask:
C2:58028960 37587       4       org.objectweb.asm.ClassReader::readCode (5089 bytes)


---------------  P R O C E S S  ---------------

Java Threads: ( => current thread )
  0x0000000030583000 JavaThread "stdout" [_thread_in_native, id=3460, stack(0x000000003b1b0000,0x000000003b2b0000)]
  0x0000000030582000 JavaThread "stderr" [_thread_in_native, id=4560, stack(0x000000003b0b0000,0x000000003b1b0000)]
  0x0000000030580000 JavaThread "stdout" [_thread_in_native, id=12644, stack(0x000000003afb0000,0x000000003b0b0000)]
  0x000000001add6800 JavaThread "stderr" [_thread_in_native, id=26536, stack(0x000000003aeb0000,0x000000003afb0000)]
  0x000000001add6000 JavaThread "stdout" [_thread_in_native, id=8256, stack(0x000000003adb0000,0x000000003aeb0000)]
  0x000000001addc000 JavaThread "stderr" [_thread_in_native, id=976, stack(0x000000003acb0000,0x000000003adb0000)]
  0x000000001add9800 JavaThread "stdout" [_thread_in_native, id=18852, stack(0x000000003abb0000,0x000000003acb0000)]
  0x000000001c396800 JavaThread "stderr" [_thread_in_native, id=25876, stack(0x000000003aab0000,0x000000003abb0000)]
  0x000000001c39c800 JavaThread "stdout" [_thread_in_native, id=22240, stack(0x000000003a9b0000,0x000000003aab0000)]
  0x000000001c39c000 JavaThread "stderr" [_thread_in_native, id=21348, stack(0x000000003a8b0000,0x000000003a9b0000)]
  0x000000001c39b000 JavaThread "stdout" [_thread_in_native, id=12092, stack(0x0000000039400000,0x0000000039500000)]
  0x000000001c39a000 JavaThread "stderr" [_thread_in_native, id=816, stack(0x0000000039300000,0x0000000039400000)]
  0x000000001c39d800 JavaThread "stdout" [_thread_in_native, id=11156, stack(0x0000000038a70000,0x0000000038b70000)]
  0x000000001c5dc800 JavaThread "stderr" [_thread_in_native, id=18908, stack(0x0000000038970000,0x0000000038a70000)]
  0x000000001c5db000 JavaThread "stdout" [_thread_in_native, id=9292, stack(0x0000000039820000,0x0000000039920000)]
  0x000000001c5d9800 JavaThread "stderr" [_thread_in_native, id=25644, stack(0x0000000039720000,0x0000000039820000)]
  0x000000001c5de000 JavaThread "pool-187-thread-1" [_thread_blocked, id=18732, stack(0x0000000039620000,0x0000000039720000)]
  0x000000001c5d8800 JavaThread "MarlinRenderer Disposer" daemon [_thread_blocked, id=17828, stack(0x0000000039520000,0x0000000039620000)]
  0x000000001c5d0800 JavaThread "Java2D Disposer" daemon [_thread_blocked, id=18448, stack(0x0000000037140000,0x0000000037240000)]
  0x000000001c5d5000 JavaThread "WorkerExecutor Queue Thread 8" [_thread_blocked, id=24652, stack(0x0000000035c50000,0x0000000035d50000)]
  0x000000001c5d2000 JavaThread "WorkerExecutor Queue Thread 7" [_thread_in_native, id=23580, stack(0x0000000032a30000,0x0000000032b30000)]
  0x000000001aa54800 JavaThread "WorkerExecutor Queue Thread 6" [_thread_blocked, id=6232, stack(0x0000000031930000,0x0000000031a30000)]
  0x000000001aa53800 JavaThread "WorkerExecutor Queue Thread 5" [_thread_blocked, id=19176, stack(0x0000000031830000,0x0000000031930000)]
  0x000000001aa51800 JavaThread "WorkerExecutor Queue Thread 4" [_thread_blocked, id=24020, stack(0x0000000031730000,0x0000000031830000)]
  0x000000001aa4e800 JavaThread "WorkerExecutor Queue Thread 3" [_thread_in_native, id=9020, stack(0x0000000031630000,0x0000000031730000)]
  0x000000001aa4d800 JavaThread "WorkerExecutor Queue Thread 2" [_thread_blocked, id=6448, stack(0x0000000031530000,0x0000000031630000)]
  0x000000001aa50800 JavaThread "WorkerExecutor Queue" [_thread_blocked, id=4368, stack(0x0000000031430000,0x0000000031530000)]
  0x000000001aa4f000 JavaThread "Cache worker for execution history cache (C:\Users\Yusuf\AndroidStudioProjects\AdminPanelNew\.gradle\6.5\executionHistory)" [_thread_blocked, id=25016, stack(0x0000000031130000,0x0000000031230000)]
  0x000000001aa46000 JavaThread "Execution worker for ':' Thread 7" [_thread_blocked, id=12852, stack(0x0000000031030000,0x0000000031130000)]
  0x000000001aa4c000 JavaThread "Execution worker for ':' Thread 6" [_thread_blocked, id=12860, stack(0x0000000030f30000,0x0000000031030000)]
  0x000000001aa4d000 JavaThread "Execution worker for ':' Thread 5" [_thread_blocked, id=9276, stack(0x0000000030e30000,0x0000000030f30000)]
  0x000000001aa4a800 JavaThread "Execution worker for ':' Thread 4" [_thread_blocked, id=10972, stack(0x0000000030d30000,0x0000000030e30000)]
  0x000000001aa48800 JavaThread "Execution worker for ':' Thread 3" [_thread_blocked, id=26376, stack(0x0000000030790000,0x0000000030890000)]
  0x000000001aa45800 JavaThread "Execution worker for ':' Thread 2" [_thread_blocked, id=13608, stack(0x000000002f460000,0x000000002f560000)]
  0x000000001aa4a000 JavaThread "Execution worker for ':'" [_thread_blocked, id=24668, stack(0x000000002d6a0000,0x000000002d7a0000)]
  0x000000001aa49000 JavaThread "Cache worker for file content cache (C:\Users\Yusuf\AndroidStudioProjects\AdminPanelNew\.gradle\6.5\fileContent)" [_thread_blocked, id=27380, stack(0x000000002d5a0000,0x000000002d6a0000)]
  0x000000001aa47000 JavaThread "pool-186-thread-1" [_thread_blocked, id=10316, stack(0x000000002c6a0000,0x000000002c7a0000)]
  0x000000001aa4b800 JavaThread "Cache worker for Build Output Cleanup Cache (C:\Users\Yusuf\AndroidStudioProjects\AdminPanelNew\.gradle\buildOutputCleanup)" [_thread_blocked, id=19648, stack(0x000000002c4a0000,0x000000002c5a0000)]
  0x000000001aa47800 JavaThread "jar transforms Thread 6164" [_thread_blocked, id=9492, stack(0x000000002b540000,0x000000002b640000)]
  0x000000002e6b6800 JavaThread "jar transforms Thread 6163" [_thread_blocked, id=20444, stack(0x0000000029a80000,0x0000000029b80000)]
  0x000000002e6b5800 JavaThread "jar transforms Thread 6162" [_thread_blocked, id=6784, stack(0x0000000029780000,0x0000000029880000)]
  0x000000002e6b5000 JavaThread "jar transforms Thread 6161" [_thread_blocked, id=7216, stack(0x0000000029480000,0x0000000029580000)]
  0x000000002e6b4000 JavaThread "jar transforms Thread 6160" [_thread_blocked, id=7016, stack(0x0000000029380000,0x0000000029480000)]
  0x000000002e6b3800 JavaThread "jar transforms Thread 6159" [_thread_blocked, id=16392, stack(0x0000000029180000,0x0000000029280000)]
  0x000000002e6b2000 JavaThread "jar transforms Thread 6158" [_thread_blocked, id=18592, stack(0x0000000029080000,0x0000000029180000)]
  0x000000002e6a9800 JavaThread "jar transforms Thread 6157" [_thread_blocked, id=3664, stack(0x0000000028f80000,0x0000000029080000)]
  0x000000002e6b0800 JavaThread "jar transforms Thread 6156" [_thread_blocked, id=26532, stack(0x0000000028e80000,0x0000000028f80000)]
  0x000000002e6a9000 JavaThread "jar transforms Thread 6155" [_thread_blocked, id=13068, stack(0x0000000028d80000,0x0000000028e80000)]
  0x000000002e6af800 JavaThread "jar transforms Thread 6154" [_thread_blocked, id=5244, stack(0x0000000028c80000,0x0000000028d80000)]
  0x000000002e6a8000 JavaThread "jar transforms Thread 6153" [_thread_blocked, id=25396, stack(0x0000000028b80000,0x0000000028c80000)]
  0x000000002e6af000 JavaThread "jar transforms Thread 6152" [_thread_blocked, id=19972, stack(0x0000000028a80000,0x0000000028b80000)]
  0x000000002e6a7800 JavaThread "jar transforms Thread 6151" [_thread_blocked, id=9636, stack(0x0000000028980000,0x0000000028a80000)]
  0x000000002e6ae000 JavaThread "jar transforms Thread 6150" [_thread_blocked, id=27484, stack(0x0000000028880000,0x0000000028980000)]
  0x000000002e6ad800 JavaThread "jar transforms Thread 6149" [_thread_blocked, id=19600, stack(0x0000000028780000,0x0000000028880000)]
  0x000000002e6ac800 JavaThread "jar transforms Thread 6148" [_thread_blocked, id=23660, stack(0x0000000028680000,0x0000000028780000)]
  0x000000002e6ac000 JavaThread "jar transforms Thread 6147" [_thread_blocked, id=15648, stack(0x0000000028580000,0x0000000028680000)]
  0x000000002e6ab000 JavaThread "jar transforms Thread 6146" [_thread_blocked, id=16296, stack(0x0000000028480000,0x0000000028580000)]
  0x000000001c7ec000 JavaThread "jar transforms Thread 6145" [_thread_blocked, id=19500, stack(0x0000000028380000,0x0000000028480000)]
  0x000000001c7ed800 JavaThread "jar transforms Thread 6144" [_thread_blocked, id=14132, stack(0x0000000028280000,0x0000000028380000)]
  0x000000001c7ea800 JavaThread "jar transforms Thread 6143" [_thread_blocked, id=15316, stack(0x0000000028180000,0x0000000028280000)]
  0x000000001c7eb800 JavaThread "jar transforms Thread 6142" [_thread_blocked, id=3172, stack(0x0000000028080000,0x0000000028180000)]
  0x000000001c7ea000 JavaThread "jar transforms Thread 6141" [_thread_blocked, id=4688, stack(0x0000000027f80000,0x0000000028080000)]
  0x000000001c7ef000 JavaThread "jar transforms Thread 6140" [_thread_blocked, id=16132, stack(0x0000000027e80000,0x0000000027f80000)]
  0x000000001c7e9000 JavaThread "jar transforms Thread 6139" [_thread_blocked, id=21360, stack(0x0000000027d80000,0x0000000027e80000)]
  0x000000001c7ee800 JavaThread "jar transforms Thread 6138" [_thread_blocked, id=20848, stack(0x0000000027c80000,0x0000000027d80000)]
  0x000000001c7e8800 JavaThread "jar transforms Thread 6137" [_thread_blocked, id=26720, stack(0x0000000027b80000,0x0000000027c80000)]
  0x000000001c7e1000 JavaThread "jar transforms Thread 6136" [_thread_blocked, id=24796, stack(0x0000000027a80000,0x0000000027b80000)]
  0x000000001c7e1800 JavaThread "jar transforms Thread 6135" [_thread_blocked, id=15032, stack(0x0000000027980000,0x0000000027a80000)]
  0x000000001c7e5800 JavaThread "jar transforms Thread 6134" [_thread_blocked, id=4668, stack(0x0000000027880000,0x0000000027980000)]
  0x000000001c7e4800 JavaThread "jar transforms Thread 6133" [_thread_blocked, id=20416, stack(0x0000000027780000,0x0000000027880000)]
  0x000000001c7e2800 JavaThread "jar transforms Thread 6132" [_thread_blocked, id=12844, stack(0x0000000027680000,0x0000000027780000)]
  0x000000001c7e4000 JavaThread "jar transforms Thread 6131" [_thread_blocked, id=12768, stack(0x0000000027580000,0x0000000027680000)]
  0x000000001c7e0000 JavaThread "jar transforms Thread 6130" [_thread_blocked, id=19544, stack(0x0000000027480000,0x0000000027580000)]
  0x000000001c7e3000 JavaThread "jar transforms Thread 6129" [_thread_blocked, id=18360, stack(0x0000000027380000,0x0000000027480000)]
  0x000000001c7e7000 JavaThread "jar transforms Thread 6128" [_thread_blocked, id=16660, stack(0x0000000027280000,0x0000000027380000)]
  0x000000001c7e6000 JavaThread "jar transforms Thread 6127" [_thread_blocked, id=25696, stack(0x0000000027180000,0x0000000027280000)]
  0x00000000334c0800 JavaThread "jar transforms Thread 6126" [_thread_blocked, id=15856, stack(0x0000000027080000,0x0000000027180000)]
  0x00000000334bf800 JavaThread "jar transforms Thread 6125" [_thread_blocked, id=21488, stack(0x0000000026f80000,0x0000000027080000)]
  0x00000000334c1000 JavaThread "jar transforms Thread 6124" [_thread_blocked, id=1232, stack(0x0000000026e80000,0x0000000026f80000)]
  0x00000000334c4000 JavaThread "jar transforms Thread 6123" [_thread_blocked, id=4164, stack(0x0000000026d80000,0x0000000026e80000)]
  0x00000000334bf000 JavaThread "jar transforms Thread 6122" [_thread_blocked, id=3972, stack(0x0000000026c80000,0x0000000026d80000)]
  0x00000000334c5800 JavaThread "jar transforms Thread 6121" [_thread_blocked, id=15160, stack(0x0000000026b80000,0x0000000026c80000)]
  0x00000000334c3800 JavaThread "jar transforms Thread 6120" [_thread_blocked, id=22260, stack(0x0000000026a80000,0x0000000026b80000)]
  0x00000000334c5000 JavaThread "jar transforms Thread 6119" [_thread_blocked, id=22968, stack(0x0000000026980000,0x0000000026a80000)]
  0x00000000334c2800 JavaThread "jar transforms Thread 6118" [_thread_blocked, id=24864, stack(0x0000000026880000,0x0000000026980000)]
  0x00000000334b7800 JavaThread "jar transforms Thread 6117" [_thread_blocked, id=3232, stack(0x0000000026780000,0x0000000026880000)]
  0x00000000334b9000 JavaThread "jar transforms Thread 6116" [_thread_blocked, id=17352, stack(0x0000000026680000,0x0000000026780000)]
  0x00000000334be000 JavaThread "jar transforms Thread 6115" [_thread_blocked, id=10796, stack(0x0000000026580000,0x0000000026680000)]
  0x00000000334ba800 JavaThread "jar transforms Thread 6114" [_thread_blocked, id=27400, stack(0x0000000026480000,0x0000000026580000)]
  0x00000000334b6800 JavaThread "jar transforms Thread 6113" [_thread_blocked, id=15940, stack(0x0000000026380000,0x0000000026480000)]
  0x00000000334b8000 JavaThread "jar transforms Thread 6112" [_thread_blocked, id=17840, stack(0x0000000026280000,0x0000000026380000)]
  0x00000000334b9800 JavaThread "jar transforms Thread 6111" [_thread_blocked, id=19900, stack(0x0000000026180000,0x0000000026280000)]
  0x00000000334bd800 JavaThread "jar transforms Thread 6110" [_thread_blocked, id=8752, stack(0x0000000026080000,0x0000000026180000)]
  0x00000000334bc000 JavaThread "jar transforms Thread 6109" [_thread_blocked, id=19836, stack(0x0000000025f80000,0x0000000026080000)]
  0x00000000334bc800 JavaThread "jar transforms Thread 6108" [_thread_blocked, id=8388, stack(0x0000000025e80000,0x0000000025f80000)]
  0x0000000020375800 JavaThread "jar transforms Thread 6107" [_thread_blocked, id=7108, stack(0x0000000025d80000,0x0000000025e80000)]
  0x0000000020374800 JavaThread "jar transforms Thread 6106" [_thread_blocked, id=26968, stack(0x0000000025c80000,0x0000000025d80000)]
  0x0000000020374000 JavaThread "jar transforms Thread 6105" [_thread_blocked, id=8744, stack(0x0000000025b80000,0x0000000025c80000)]
  0x0000000020373000 JavaThread "jar transforms Thread 6104" [_thread_blocked, id=27196, stack(0x0000000025a80000,0x0000000025b80000)]
  0x0000000020372800 JavaThread "jar transforms Thread 6103" [_thread_blocked, id=25844, stack(0x0000000025980000,0x0000000025a80000)]
  0x0000000020371800 JavaThread "jar transforms Thread 6102" [_thread_blocked, id=17492, stack(0x0000000025880000,0x0000000025980000)]
  0x000000002036a000 JavaThread "jar transforms Thread 6101" [_thread_blocked, id=25916, stack(0x0000000025780000,0x0000000025880000)]
  0x0000000020371000 JavaThread "jar transforms Thread 6100" [_thread_blocked, id=20372, stack(0x0000000025680000,0x0000000025780000)]
  0x0000000020369800 JavaThread "jar transforms Thread 6099" [_thread_blocked, id=27612, stack(0x0000000025580000,0x0000000025680000)]
  0x000000002036b000 JavaThread "jar transforms Thread 6098" [_thread_blocked, id=18520, stack(0x0000000025480000,0x0000000025580000)]
  0x0000000020370000 JavaThread "jar transforms Thread 6097" [_thread_blocked, id=2912, stack(0x0000000025380000,0x0000000025480000)]
  0x000000002036f800 JavaThread "jar transforms Thread 6096" [_thread_blocked, id=19932, stack(0x0000000025280000,0x0000000025380000)]
  0x0000000020368000 JavaThread "jar transforms Thread 6095" [_thread_blocked, id=21276, stack(0x0000000025180000,0x0000000025280000)]
  0x0000000020368800 JavaThread "jar transforms Thread 6094" [_thread_blocked, id=24756, stack(0x0000000025080000,0x0000000025180000)]
  0x000000002036e000 JavaThread "jar transforms Thread 6093" [_thread_blocked, id=8520, stack(0x0000000024f80000,0x0000000025080000)]
  0x000000002036e800 JavaThread "jar transforms Thread 6092" [_thread_blocked, id=24932, stack(0x0000000024e80000,0x0000000024f80000)]
  0x0000000020367000 JavaThread "jar transforms Thread 6091" [_thread_blocked, id=840, stack(0x0000000024d80000,0x0000000024e80000)]
  0x000000002036d000 JavaThread "jar transforms Thread 6090" [_thread_blocked, id=14092, stack(0x0000000024c80000,0x0000000024d80000)]
  0x0000000020366800 JavaThread "jar transforms Thread 6089" [_thread_blocked, id=24580, stack(0x0000000024b80000,0x0000000024c80000)]
  0x000000002036b800 JavaThread "jar transforms Thread 6088" [_thread_blocked, id=15372, stack(0x0000000024a80000,0x0000000024b80000)]
  0x000000001b7ab000 JavaThread "jar transforms Thread 6087" [_thread_blocked, id=6236, stack(0x0000000024780000,0x0000000024880000)]
  0x000000001b7ad800 JavaThread "jar transforms Thread 6086" [_thread_blocked, id=13828, stack(0x0000000024680000,0x0000000024780000)]
  0x000000001b7ac800 JavaThread "jar transforms Thread 6085" [_thread_blocked, id=15312, stack(0x0000000024580000,0x0000000024680000)]
  0x000000001b7ac000 JavaThread "jar transforms Thread 6084" [_thread_blocked, id=14640, stack(0x0000000024480000,0x0000000024580000)]
  0x000000001b7aa800 JavaThread "jar transforms Thread 6083" [_thread_blocked, id=23196, stack(0x0000000024380000,0x0000000024480000)]
  0x000000001b7a3000 JavaThread "jar transforms Thread 6082" [_thread_blocked, id=1528, stack(0x0000000024280000,0x0000000024380000)]
  0x000000001b7a9000 JavaThread "jar transforms Thread 6081" [_thread_blocked, id=17032, stack(0x0000000023f80000,0x0000000024080000)]
  0x000000001b7a9800 JavaThread "jar transforms Thread 6080" [_thread_blocked, id=19492, stack(0x0000000023e80000,0x0000000023f80000)]
  0x000000001b7a1800 JavaThread "jar transforms Thread 6079" [_thread_blocked, id=12804, stack(0x0000000023d80000,0x0000000023e80000)]
  0x000000001b7a8000 JavaThread "jar transforms Thread 6078" [_thread_blocked, id=25872, stack(0x0000000023c80000,0x0000000023d80000)]
  0x000000001b7a4800 JavaThread "jar transforms Thread 6077" [_thread_blocked, id=17316, stack(0x0000000023b80000,0x0000000023c80000)]
  0x000000001b7a2000 JavaThread "jar transforms Thread 6076" [_thread_blocked, id=26888, stack(0x0000000023a80000,0x0000000023b80000)]
  0x000000001b7a0800 JavaThread "jar transforms Thread 6075" [_thread_blocked, id=12748, stack(0x0000000023980000,0x0000000023a80000)]
  0x000000001b7a7800 JavaThread "jar transforms Thread 6074" [_thread_blocked, id=11488, stack(0x0000000023780000,0x0000000023880000)]
  0x000000001b7a6800 JavaThread "jar transforms Thread 6073" [_thread_blocked, id=10868, stack(0x0000000023680000,0x0000000023780000)]
  0x000000001b7a6000 JavaThread "Build operations Thread 8" [_thread_blocked, id=24012, stack(0x0000000023580000,0x0000000023680000)]
  0x000000001b7a5000 JavaThread "Build operations Thread 7" [_thread_blocked, id=6600, stack(0x0000000023480000,0x0000000023580000)]
  0x000000001b79f000 JavaThread "Build operations Thread 6" [_thread_blocked, id=18376, stack(0x0000000023380000,0x0000000023480000)]
  0x000000001b79e800 JavaThread "Build operations Thread 5" [_thread_blocked, id=27432, stack(0x0000000023280000,0x0000000023380000)]
  0x000000001b7a0000 JavaThread "Build operations Thread 4" [_thread_blocked, id=20024, stack(0x0000000023180000,0x0000000023280000)]
  0x0000000022959000 JavaThread "Build operations Thread 3" [_thread_blocked, id=22864, stack(0x0000000023080000,0x0000000023180000)]
  0x000000002295e800 JavaThread "Build operations Thread 2" [_thread_blocked, id=25524, stack(0x00000000218b0000,0x00000000219b0000)]
  0x000000002295d800 JavaThread "Build operations" [_thread_blocked, id=25272, stack(0x00000000210b0000,0x00000000211b0000)]
  0x000000002295a800 JavaThread "Cache worker for cache directory md-rule (C:\Users\Yusuf\.gradle\caches\6.5\md-rule)" [_thread_blocked, id=16444, stack(0x0000000020fb0000,0x00000000210b0000)]
  0x000000002295d000 JavaThread "Cache worker for cache directory md-supplier (C:\Users\Yusuf\.gradle\caches\6.5\md-supplier)" [_thread_blocked, id=21352, stack(0x000000001fc40000,0x000000001fd40000)]
  0x000000002295b800 JavaThread "Cache worker for checksums cache (C:\Users\Yusuf\AndroidStudioProjects\AdminPanelNew\.gradle\checksums)" [_thread_blocked, id=26332, stack(0x000000001f940000,0x000000001fa40000)]
  0x0000000022951800 JavaThread "Cache worker for file hash cache (C:\Users\Yusuf\AndroidStudioProjects\AdminPanelNew\.gradle\6.5\fileHashes)" [_thread_blocked, id=8212, stack(0x000000001e170000,0x000000001e270000)]
  0x0000000022958800 JavaThread "Thread-8693" [_thread_blocked, id=23856, stack(0x000000001da70000,0x000000001db70000)]
  0x0000000022951000 JavaThread "Stdin handler" [_thread_blocked, id=11352, stack(0x000000001d970000,0x000000001da70000)]
  0x0000000022957000 JavaThread "Asynchronous log dispatcher for DefaultDaemonConnection: socket connection from /127.0.0.1:54757 to /127.0.0.1:58696" [_thread_blocked, id=16468, stack(0x000000001d530000,0x000000001d630000)]
  0x0000000022955800 JavaThread "Daemon worker Thread 67" [_thread_blocked, id=27420, stack(0x000000001d430000,0x000000001d530000)]
  0x0000000022953000 JavaThread "Cancel handler" [_thread_blocked, id=15148, stack(0x0000000000d20000,0x0000000000e20000)]
  0x0000000022957800 JavaThread "Handler for socket connection from /127.0.0.1:54757 to /127.0.0.1:58696" [_thread_in_native, id=14712, stack(0x0000000000c20000,0x0000000000d20000)]
  0x0000000022952800 JavaThread "Daemon Thread 67" [_thread_blocked, id=9952, stack(0x0000000000b20000,0x0000000000c20000)]
  0x000000002036c800 JavaThread "Cache worker for Java compile cache (C:\Users\Yusuf\.gradle\caches\6.5\javaCompile)" [_thread_blocked, id=27060, stack(0x000000002c5a0000,0x000000002c6a0000)]
  0x000000001c7e7800 JavaThread "Memory manager" [_thread_blocked, id=20820, stack(0x0000000029f80000,0x000000002a080000)]
  0x000000001c5d6800 JavaThread "Cache worker for file content cache (C:\Users\Yusuf\.gradle\caches\6.5\fileContent)" [_thread_blocked, id=24164, stack(0x00000000219b0000,0x0000000021ab0000)]
  0x000000001c5d5800 JavaThread "Cache worker for execution history cache (C:\Users\Yusuf\.gradle\caches\6.5\executionHistory)" [_thread_blocked, id=24624, stack(0x00000000211b0000,0x00000000212b0000)]
  0x000000001c398000 JavaThread "Cache worker for file hash cache (C:\Users\Yusuf\.gradle\caches\6.5\fileHashes)" [_thread_blocked, id=21580, stack(0x000000001e670000,0x000000001e770000)]
  0x000000001c398800 JavaThread "File lock request listener" [_thread_in_native, id=22120, stack(0x000000001e570000,0x000000001e670000)]
  0x000000001c397000 JavaThread "Cache worker for journal cache (C:\Users\Yusuf\.gradle\caches\journal-1)" [_thread_blocked, id=14244, stack(0x000000001e470000,0x000000001e570000)]
  0x000000001c323800 JavaThread "Daemon periodic checks" [_thread_blocked, id=25700, stack(0x000000001d870000,0x000000001d970000)]
  0x000000001c2d0800 JavaThread "Incoming local TCP Connector on port 54757" [_thread_in_native, id=20048, stack(0x000000001d630000,0x000000001d730000)]
  0x000000001c26b800 JavaThread "Daemon health stats" [_thread_blocked, id=26628, stack(0x000000001cff0000,0x000000001d0f0000)]
  0x0000000019827000 JavaThread "Service Thread" daemon [_thread_blocked, id=24092, stack(0x000000001a450000,0x000000001a550000)]
  0x00000000197a3000 JavaThread "C1 CompilerThread3" daemon [_thread_in_vm, id=20796, stack(0x000000001a350000,0x000000001a450000)]
  0x000000001979b000 JavaThread "C2 CompilerThread2" daemon [_thread_in_vm, id=12052, stack(0x000000001a250000,0x000000001a350000)]
=>0x0000000019796800 JavaThread "C2 CompilerThread1" daemon [_thread_in_native, id=8120, stack(0x000000001a150000,0x000000001a250000)]
  0x0000000019794000 JavaThread "C2 CompilerThread0" daemon [_thread_blocked, id=6992, stack(0x000000001a050000,0x000000001a150000)]
  0x0000000019793000 JavaThread "Attach Listener" daemon [_thread_blocked, id=15784, stack(0x0000000019f50000,0x000000001a050000)]
  0x0000000019792000 JavaThread "Signal Dispatcher" daemon [_thread_blocked, id=19184, stack(0x0000000019e50000,0x0000000019f50000)]
  0x000000000292e800 JavaThread "Finalizer" daemon [_thread_blocked, id=14728, stack(0x0000000019c60000,0x0000000019d60000)]
  0x000000001799c800 JavaThread "Reference Handler" daemon [_thread_blocked, id=17072, stack(0x0000000019b60000,0x0000000019c60000)]
  0x0000000000f3e000 JavaThread "main" [_thread_blocked, id=15276, stack(0x0000000002730000,0x0000000002830000)]

Other Threads:
  0x0000000017995800 VMThread [stack: 0x0000000019660000,0x0000000019760000] [id=19844]
  0x00000000197dd000 WatcherThread [stack: 0x000000001a550000,0x000000001a650000] [id=11860]

VM state:not at safepoint (normal execution)

VM Mutex/Monitor currently owned by a thread:  ([mutex/lock_event])
[0x0000000000f3c150] CodeCache_lock - owner thread: 0x00000000197a3000
[0x0000000002830850] Compile_lock - owner thread: 0x00000000197a3000
[0x0000000002831150] MethodCompileQueue_lock - owner thread: 0x00000000197a3000

heap address: 0x0000000080000000, size: 2048 MB, Compressed Oops mode: 32-bit
Narrow klass base: 0x0000000000000000, Narrow klass shift: 3
Compressed class space size: 1073741824 Address: 0x0000000100000000

Heap:
 PSYoungGen      total 577536K, used 169106K [0x00000000d5580000, 0x0000000100000000, 0x0000000100000000)
  eden space 482816K, 21% used [0x00000000d5580000,0x00000000dbbc50c0,0x00000000f2d00000)
  from space 94720K, 67% used [0x00000000fa380000,0x00000000fe25f828,0x0000000100000000)
  to   space 108032K, 0% used [0x00000000f2d00000,0x00000000f2d00000,0x00000000f9680000)
 ParOldGen       total 455168K, used 316318K [0x0000000080000000, 0x000000009bc80000, 0x00000000d5580000)
  object space 455168K, 69% used [0x0000000080000000,0x00000000934e7b80,0x000000009bc80000)
 Metaspace       used 129523K, capacity 139440K, committed 139800K, reserved 1171456K
  class space    used 16324K, capacity 18112K, committed 18224K, reserved 1048576K

Card table byte_map: [0x0000000011cf0000,0x0000000012100000] byte_map_base: 0x00000000118f0000

Marking Bits: (ParMarkBitMap*) 0x0000000073fff030
 Begin Bits: [0x0000000012bb0000, 0x0000000014bb0000)
 End Bits:   [0x0000000014bb0000, 0x0000000016bb0000)

Polling page: 0x0000000000e30000

CodeCache: size=245760Kb used=97562Kb max_used=97889Kb free=148197Kb
 bounds [0x0000000002930000, 0x0000000008970000, 0x0000000011930000]
 total_blobs=28155 nmethods=27087 adapters=976
 compilation: enabled

Compilation events (10 events):
Event: 58028.652 Thread 0x000000001979b000 nmethod 37608 0x00000000059e0650 code [0x00000000059e07a0, 0x00000000059e0998]
Event: 58028.652 Thread 0x000000001979b000 37609       4       org.gradle.internal.normalization.java.impl.ApiMemberSelector$2::<init> (16 bytes)
Event: 58028.653 Thread 0x000000001979b000 nmethod 37609 0x0000000005389b50 code [0x0000000005389c80, 0x0000000005389d18]
Event: 58028.653 Thread 0x000000001979b000 37610       4       org.objectweb.asm.ClassReader::readShort (27 bytes)
Event: 58028.654 Thread 0x000000001979b000 nmethod 37610 0x0000000004d296d0 code [0x0000000004d29800, 0x0000000004d298d8]
Event: 58028.655 Thread 0x0000000019794000 nmethod 37605 0x0000000005a1d450 code [0x0000000005a1d5c0, 0x0000000005a1db38]
Event: 58028.656 Thread 0x00000000197a3000 37606       3       org.objectweb.asm.SymbolTable::addConstant (330 bytes)
Event: 58028.744 Thread 0x00000000197a3000 nmethod 37606 0x0000000005c83e50 code [0x0000000005c84380, 0x0000000005c889e8]
Event: 58028.747 Thread 0x00000000197a3000 37599       1       org.objectweb.asm.SymbolTable::getConstantPoolCount (5 bytes)
Event: 58028.747 Thread 0x00000000197a3000 nmethod 37599 0x000000000368f2d0 code [0x000000000368f420, 0x000000000368f530]

GC Heap History (10 events):
Event: 53378.995 GC heap before
{Heap before GC invocations=85 (full 5):
 PSYoungGen      total 586752K, used 507021K [0x00000000d5580000, 0x0000000100000000, 0x0000000100000000)
  eden space 487936K, 100% used [0x00000000d5580000,0x00000000f3200000,0x00000000f3200000)
  from space 98816K, 19% used [0x00000000f3200000,0x00000000f44a34d0,0x00000000f9280000)
  to   space 94720K, 0% used [0x00000000fa380000,0x00000000fa380000,0x0000000100000000)
 ParOldGen       total 455168K, used 257137K [0x0000000080000000, 0x000000009bc80000, 0x00000000d5580000)
  object space 455168K, 56% used [0x0000000080000000,0x000000008fb1c5f0,0x000000009bc80000)
 Metaspace       used 123181K, capacity 132438K, committed 132760K, reserved 1165312K
  class space    used 15587K, capacity 17259K, committed 17328K, reserved 1048576K
Event: 53379.174 GC heap after
Heap after GC invocations=85 (full 5):
 PSYoungGen      total 587776K, used 18089K [0x00000000d5580000, 0x00000000ff400000, 0x0000000100000000)
  eden space 505344K, 0% used [0x00000000d5580000,0x00000000d5580000,0x00000000f4300000)
  from space 82432K, 21% used [0x00000000fa380000,0x00000000fb52a560,0x00000000ff400000)
  to   space 90624K, 0% used [0x00000000f4300000,0x00000000f4300000,0x00000000f9b80000)
 ParOldGen       total 455168K, used 257798K [0x0000000080000000, 0x000000009bc80000, 0x00000000d5580000)
  object space 455168K, 56% used [0x0000000080000000,0x000000008fbc1a70,0x000000009bc80000)
 Metaspace       used 123181K, capacity 132438K, committed 132760K, reserved 1165312K
  class space    used 15587K, capacity 17259K, committed 17328K, reserved 1048576K
}
Event: 53538.933 GC heap before
{Heap before GC invocations=86 (full 5):
 PSYoungGen      total 587776K, used 523433K [0x00000000d5580000, 0x00000000ff400000, 0x0000000100000000)
  eden space 505344K, 100% used [0x00000000d5580000,0x00000000f4300000,0x00000000f4300000)
  from space 82432K, 21% used [0x00000000fa380000,0x00000000fb52a560,0x00000000ff400000)
  to   space 90624K, 0% used [0x00000000f4300000,0x00000000f4300000,0x00000000f9b80000)
 ParOldGen       total 455168K, used 257798K [0x0000000080000000, 0x000000009bc80000, 0x00000000d5580000)
  object space 455168K, 56% used [0x0000000080000000,0x000000008fbc1a70,0x000000009bc80000)
 Metaspace       used 123247K, capacity 132502K, committed 132760K, reserved 1165312K
  class space    used 15590K, capacity 17259K, committed 17328K, reserved 1048576K
Event: 53539.713 GC heap after
Heap after GC invocations=86 (full 5):
 PSYoungGen      total 595968K, used 20987K [0x00000000d5580000, 0x0000000100000000, 0x0000000100000000)
  eden space 505344K, 0% used [0x00000000d5580000,0x00000000d5580000,0x00000000f4300000)
  from space 90624K, 23% used [0x00000000f4300000,0x00000000f577ef48,0x00000000f9b80000)
  to   space 86528K, 0% used [0x00000000fab80000,0x00000000fab80000,0x0000000100000000)
 ParOldGen       total 455168K, used 258364K [0x0000000080000000, 0x000000009bc80000, 0x00000000d5580000)
  object space 455168K, 56% used [0x0000000080000000,0x000000008fc4f060,0x000000009bc80000)
 Metaspace       used 123247K, capacity 132502K, committed 132760K, reserved 1165312K
  class space    used 15590K, capacity 17259K, committed 17328K, reserved 1048576K
}
Event: 53570.987 GC heap before
{Heap before GC invocations=87 (full 5):
 PSYoungGen      total 595968K, used 526331K [0x00000000d5580000, 0x0000000100000000, 0x0000000100000000)
  eden space 505344K, 100% used [0x00000000d5580000,0x00000000f4300000,0x00000000f4300000)
  from space 90624K, 23% used [0x00000000f4300000,0x00000000f577ef48,0x00000000f9b80000)
  to   space 86528K, 0% used [0x00000000fab80000,0x00000000fab80000,0x0000000100000000)
 ParOldGen       total 455168K, used 258364K [0x0000000080000000, 0x000000009bc80000, 0x00000000d5580000)
  object space 455168K, 56% used [0x0000000080000000,0x000000008fc4f060,0x000000009bc80000)
 Metaspace       used 123264K, capacity 132506K, committed 132760K, reserved 1165312K
  class space    used 15590K, capacity 17259K, committed 17328K, reserved 1048576K
Event: 53571.408 GC heap after
Heap after GC invocations=87 (full 5):
 PSYoungGen      total 595968K, used 20335K [0x00000000d5580000, 0x00000000ff400000, 0x0000000100000000)
  eden space 521728K, 0% used [0x00000000d5580000,0x00000000d5580000,0x00000000f5300000)
  from space 74240K, 27% used [0x00000000fab80000,0x00000000fbf5bdf0,0x00000000ff400000)
  to   space 82432K, 0% used [0x00000000f5300000,0x00000000f5300000,0x00000000fa380000)
 ParOldGen       total 455168K, used 259033K [0x0000000080000000, 0x000000009bc80000, 0x00000000d5580000)
  object space 455168K, 56% used [0x0000000080000000,0x000000008fcf6670,0x000000009bc80000)
 Metaspace       used 123264K, capacity 132506K, committed 132760K, reserved 1165312K
  class space    used 15590K, capacity 17259K, committed 17328K, reserved 1048576K
}
Event: 54037.850 GC heap before
{Heap before GC invocations=88 (full 5):
 PSYoungGen      total 595968K, used 542063K [0x00000000d5580000, 0x00000000ff400000, 0x0000000100000000)
  eden space 521728K, 100% used [0x00000000d5580000,0x00000000f5300000,0x00000000f5300000)
  from space 74240K, 27% used [0x00000000fab80000,0x00000000fbf5bdf0,0x00000000ff400000)
  to   space 82432K, 0% used [0x00000000f5300000,0x00000000f5300000,0x00000000fa380000)
 ParOldGen       total 455168K, used 259033K [0x0000000080000000, 0x000000009bc80000, 0x00000000d5580000)
  object space 455168K, 56% used [0x0000000080000000,0x000000008fcf6670,0x000000009bc80000)
 Metaspace       used 123283K, capacity 132506K, committed 132760K, reserved 1165312K
  class space    used 15590K, capacity 17259K, committed 17328K, reserved 1048576K
Event: 54041.906 GC heap after
Heap after GC invocations=88 (full 5):
 PSYoungGen      total 604160K, used 82403K [0x00000000d5580000, 0x0000000100000000, 0x0000000100000000)
  eden space 521728K, 0% used [0x00000000d5580000,0x00000000d5580000,0x00000000f5300000)
  from space 82432K, 99% used [0x00000000f5300000,0x00000000fa378d38,0x00000000fa380000)
  to   space 94720K, 0% used [0x00000000fa380000,0x00000000fa380000,0x0000000100000000)
 ParOldGen       total 455168K, used 279850K [0x0000000080000000, 0x000000009bc80000, 0x00000000d5580000)
  object space 455168K, 61% used [0x0000000080000000,0x000000009114a9d8,0x000000009bc80000)
 Metaspace       used 123283K, capacity 132506K, committed 132760K, reserved 1165312K
  class space    used 15590K, capacity 17259K, committed 17328K, reserved 1048576K
}
Event: 58017.356 GC heap before
{Heap before GC invocations=89 (full 5):
 PSYoungGen      total 604160K, used 604131K [0x00000000d5580000, 0x0000000100000000, 0x0000000100000000)
  eden space 521728K, 100% used [0x00000000d5580000,0x00000000f5300000,0x00000000f5300000)
  from space 82432K, 99% used [0x00000000f5300000,0x00000000fa378d38,0x00000000fa380000)
  to   space 94720K, 0% used [0x00000000fa380000,0x00000000fa380000,0x0000000100000000)
 ParOldGen       total 455168K, used 279850K [0x0000000080000000, 0x000000009bc80000, 0x00000000d5580000)
  object space 455168K, 61% used [0x0000000080000000,0x000000009114a9d8,0x000000009bc80000)
 Metaspace       used 128970K, capacity 138810K, committed 138904K, reserved 1169408K
  class space    used 16250K, capacity 18063K, committed 18096K, reserved 1048576K
Event: 58019.511 GC heap after
Heap after GC invocations=89 (full 5):
 PSYoungGen      total 577536K, used 64382K [0x00000000d5580000, 0x0000000100000000, 0x0000000100000000)
  eden space 482816K, 0% used [0x00000000d5580000,0x00000000d5580000,0x00000000f2d00000)
  from space 94720K, 67% used [0x00000000fa380000,0x00000000fe25f828,0x0000000100000000)
  to   space 108032K, 0% used [0x00000000f2d00000,0x00000000f2d00000,0x00000000f9680000)
 ParOldGen       total 455168K, used 316318K [0x0000000080000000, 0x000000009bc80000, 0x00000000d5580000)
  object space 455168K, 69% used [0x0000000080000000,0x00000000934e7b80,0x000000009bc80000)
 Metaspace       used 128970K, capacity 138810K, committed 138904K, reserved 1169408K
  class space    used 16250K, capacity 18063K, committed 18096K, reserved 1048576K
}

Deoptimization events (10 events):
Event: 58027.918 Thread 0x000000001aa46000 Uncommon trap: reason=unstable_if action=reinterpret pc=0x000000000428a66c method=org.gradle.internal.normalization.java.impl.AnnotatableMember.compare(Lorg/gradle/internal/normalization/java/impl/AnnotatableMember;)Lcom/google/common/collect/ComparisonCh
Event: 58027.970 Thread 0x000000001aa46000 Uncommon trap: reason=unstable_if action=reinterpret pc=0x0000000004292944 method=org.gradle.internal.normalization.java.impl.AnnotatableMember.compare(Lorg/gradle/internal/normalization/java/impl/AnnotatableMember;)Lcom/google/common/collect/ComparisonCh
Event: 58027.971 Thread 0x000000001aa46000 Uncommon trap: reason=unstable_if action=reinterpret pc=0x000000000428f4f8 method=org.gradle.internal.normalization.java.impl.AnnotatableMember.compare(Lorg/gradle/internal/normalization/java/impl/AnnotatableMember;)Lcom/google/common/collect/ComparisonCh
Event: 58027.972 Thread 0x000000001aa46000 Uncommon trap: reason=bimorphic action=maybe_recompile pc=0x000000000385a20c method=com.google.common.collect.ImmutableCollection.toArray([Ljava/lang/Object;)[Ljava/lang/Object; @ 27
Event: 58027.972 Thread 0x000000001aa46000 Uncommon trap: reason=unstable_if action=reinterpret pc=0x00000000074b02f8 method=org.objectweb.asm.MethodWriter.<init>(Lorg/objectweb/asm/SymbolTable;ILjava/lang/String;Ljava/lang/String;Ljava/lang/String;[Ljava/lang/String;I)V @ 100
Event: 58027.972 Thread 0x000000001aa46000 Uncommon trap: reason=bimorphic action=maybe_recompile pc=0x000000000385a20c method=com.google.common.collect.ImmutableCollection.toArray([Ljava/lang/Object;)[Ljava/lang/Object; @ 27
Event: 58027.972 Thread 0x000000001aa46000 Uncommon trap: reason=bimorphic action=maybe_recompile pc=0x000000000385a20c method=com.google.common.collect.ImmutableCollection.toArray([Ljava/lang/Object;)[Ljava/lang/Object; @ 27
Event: 58027.972 Thread 0x000000001aa46000 Uncommon trap: reason=bimorphic action=maybe_recompile pc=0x000000000385a20c method=com.google.common.collect.ImmutableCollection.toArray([Ljava/lang/Object;)[Ljava/lang/Object; @ 27
Event: 58028.124 Thread 0x000000001aa46000 Uncommon trap: reason=unstable_if action=reinterpret pc=0x0000000004ee6aec method=org.objectweb.asm.SymbolTable.addConstant(Ljava/lang/Object;)Lorg/objectweb/asm/Symbol; @ 126
Event: 58028.125 Thread 0x000000001aa46000 Uncommon trap: reason=unstable_if action=reinterpret pc=0x00000000042a6bc4 method=org.gradle.internal.normalization.java.impl.ApiMemberSelector.visitAnnotationMembers(Lorg/objectweb/asm/FieldVisitor;Ljava/util/Set;)V @ 13

Classes redefined (0 events):
No events

Internal exceptions (10 events):
Event: 58022.477 Thread 0x000000001b79e800 Exception <a 'sun/nio/fs/WindowsException'> (0x00000000da307398) thrown at [C:\src\AOSP-openjdk-git\hotspot\src\share\vm\prims\jni.cpp, line 710]
Event: 58022.477 Thread 0x000000002295d800 Exception <a 'sun/nio/fs/WindowsException'> (0x00000000da375550) thrown at [C:\src\AOSP-openjdk-git\hotspot\src\share\vm\prims\jni.cpp, line 710]
Event: 58022.477 Thread 0x000000001b7a5000 Exception <a 'sun/nio/fs/WindowsException'> (0x00000000da382140) thrown at [C:\src\AOSP-openjdk-git\hotspot\src\share\vm\prims\jni.cpp, line 710]
Event: 58022.478 Thread 0x000000002295e800 Exception <a 'sun/nio/fs/WindowsException'> (0x00000000d9dbfe58) thrown at [C:\src\AOSP-openjdk-git\hotspot\src\share\vm\prims\jni.cpp, line 710]
Event: 58022.940 Thread 0x000000001b7a5000 Exception <a 'sun/nio/fs/WindowsException'> (0x00000000da5493b8) thrown at [C:\src\AOSP-openjdk-git\hotspot\src\share\vm\prims\jni.cpp, line 710]
Event: 58022.940 Thread 0x000000001b79e800 Exception <a 'sun/nio/fs/WindowsException'> (0x00000000da594758) thrown at [C:\src\AOSP-openjdk-git\hotspot\src\share\vm\prims\jni.cpp, line 710]
Event: 58022.940 Thread 0x000000001b7a6000 Exception <a 'sun/nio/fs/WindowsException'> (0x00000000da4f0a70) thrown at [C:\src\AOSP-openjdk-git\hotspot\src\share\vm\prims\jni.cpp, line 710]
Event: 58022.940 Thread 0x000000002295d800 Exception <a 'sun/nio/fs/WindowsException'> (0x00000000da600840) thrown at [C:\src\AOSP-openjdk-git\hotspot\src\share\vm\prims\jni.cpp, line 710]
Event: 58022.941 Thread 0x000000001b79f000 Exception <a 'sun/nio/fs/WindowsException'> (0x00000000da650960) thrown at [C:\src\AOSP-openjdk-git\hotspot\src\share\vm\prims\jni.cpp, line 710]
Event: 58022.962 Thread 0x000000002295e800 Exception <a 'sun/nio/fs/WindowsException'> (0x00000000da8e25c8) thrown at [C:\src\AOSP-openjdk-git\hotspot\src\share\vm\prims\jni.cpp, line 710]

Events (10 events):
Event: 58028.652 Thread 0x00000000197a3000 flushing nmethod 0x000000000624fd50
Event: 58028.745 Thread 0x00000000197a3000 flushing nmethod 0x0000000006b09a10
Event: 58028.746 Thread 0x00000000197a3000 flushing nmethod 0x0000000006e0f8d0
Event: 58028.746 Thread 0x00000000197a3000 flushing nmethod 0x0000000006f2c390
Event: 58028.747 Thread 0x00000000197a3000 flushing nmethod 0x0000000007394650
Event: 58028.748 Thread 0x00000000197a3000 flushing nmethod 0x00000000077af2d0
Event: 58028.749 Thread 0x00000000197a3000 flushing nmethod 0x00000000078f3150
Event: 58028.749 Thread 0x00000000197a3000 flushing nmethod 0x0000000007a3d710
Event: 58028.749 Thread 0x00000000197a3000 flushing nmethod 0x0000000007a454d0
Event: 58028.749 Thread 0x00000000197a3000 flushing nmethod 0x0000000007a7ab90


Dynamic libraries:
0x00007ff75d270000 - 0x00007ff75d2a1000 	C:\Program Files\Android\Android Studio1\jre\bin\java.exe
0x00007ffff8a40000 - 0x00007ffff8c30000 	C:\Windows\SYSTEM32\ntdll.dll
0x00007ffff72b0000 - 0x00007ffff7362000 	C:\Windows\System32\KERNEL32.DLL
0x00007ffff6360000 - 0x00007ffff6605000 	C:\Windows\System32\KERNELBASE.dll
0x00007ffff3a60000 - 0x00007ffff3aef000 	C:\Windows\SYSTEM32\apphelp.dll
0x00007ffff7150000 - 0x00007ffff71f3000 	C:\Windows\System32\ADVAPI32.dll
0x00007ffff7210000 - 0x00007ffff72ae000 	C:\Windows\System32\msvcrt.dll
0x00007ffff7580000 - 0x00007ffff7617000 	C:\Windows\System32\sechost.dll
0x00007ffff8410000 - 0x00007ffff852f000 	C:\Windows\System32\RPCRT4.dll
0x00007ffff6ba0000 - 0x00007ffff6d34000 	C:\Windows\System32\USER32.dll
0x00007ffff67c0000 - 0x00007ffff67e1000 	C:\Windows\System32\win32u.dll
0x00007ffff7550000 - 0x00007ffff7576000 	C:\Windows\System32\GDI32.dll
0x00007ffff67f0000 - 0x00007ffff6988000 	C:\Windows\System32\gdi32full.dll
0x00007ffff5a40000 - 0x00007ffff5ade000 	C:\Windows\System32\msvcp_win.dll
0x00007ffff66c0000 - 0x00007ffff67ba000 	C:\Windows\System32\ucrtbase.dll
0x00007fffdff70000 - 0x00007fffe01f4000 	C:\Windows\WinSxS\amd64_microsoft.windows.common-controls_6595b64144ccf1df_6.0.18362.1500_none_9e79be6de462295c\COMCTL32.dll
0x00007ffff6e10000 - 0x00007ffff7146000 	C:\Windows\System32\combase.dll
0x00007ffff62d0000 - 0x00007ffff6351000 	C:\Windows\System32\bcryptPrimitives.dll
0x00007ffff86f0000 - 0x00007ffff871e000 	C:\Windows\System32\IMM32.DLL
0x0000000072d80000 - 0x0000000072e52000 	C:\Program Files\Android\Android Studio1\jre\jre\bin\msvcr100.dll
0x0000000073830000 - 0x000000007407b000 	C:\Program Files\Android\Android Studio1\jre\jre\bin\server\jvm.dll
0x00007ffff89f0000 - 0x00007ffff89f8000 	C:\Windows\System32\PSAPI.DLL
0x00007ffff0f80000 - 0x00007ffff0f8a000 	C:\Windows\SYSTEM32\VERSION.dll
0x00007fffde060000 - 0x00007fffde069000 	C:\Windows\SYSTEM32\WSOCK32.dll
0x00007ffff2b40000 - 0x00007ffff2b64000 	C:\Windows\SYSTEM32\WINMM.dll
0x00007ffff83a0000 - 0x00007ffff840f000 	C:\Windows\System32\WS2_32.dll
0x00007ffff2b10000 - 0x00007ffff2b3d000 	C:\Windows\SYSTEM32\WINMMBASE.dll
0x00007ffff5ae0000 - 0x00007ffff5b2a000 	C:\Windows\System32\cfgmgr32.dll
0x00007fffe45f0000 - 0x00007fffe45ff000 	C:\Program Files\Android\Android Studio1\jre\jre\bin\verify.dll
0x00007fffd2430000 - 0x00007fffd2459000 	C:\Program Files\Android\Android Studio1\jre\jre\bin\java.dll
0x00007fffdb6d0000 - 0x00007fffdb6e6000 	C:\Program Files\Android\Android Studio1\jre\jre\bin\zip.dll
0x00007ffff7c50000 - 0x00007ffff8338000 	C:\Windows\System32\SHELL32.dll
0x00007ffff8810000 - 0x00007ffff88b7000 	C:\Windows\System32\shcore.dll
0x00007ffff5b50000 - 0x00007ffff62cb000 	C:\Windows\System32\windows.storage.dll
0x00007ffff5900000 - 0x00007ffff591e000 	C:\Windows\System32\profapi.dll
0x00007ffff5920000 - 0x00007ffff596a000 	C:\Windows\System32\powrprof.dll
0x00007ffff58f0000 - 0x00007ffff5900000 	C:\Windows\System32\UMPDC.dll
0x00007ffff8990000 - 0x00007ffff89e2000 	C:\Windows\System32\shlwapi.dll
0x00007ffff5990000 - 0x00007ffff59a1000 	C:\Windows\System32\kernel.appcore.dll
0x00007ffff5b30000 - 0x00007ffff5b47000 	C:\Windows\System32\cryptsp.dll
0x00007fffd1810000 - 0x00007fffd182a000 	C:\Program Files\Android\Android Studio1\jre\jre\bin\net.dll
0x00007ffff5130000 - 0x00007ffff5197000 	C:\Windows\system32\mswsock.dll
0x00007fffcfd10000 - 0x00007fffcfd23000 	C:\Program Files\Android\Android Studio1\jre\jre\bin\nio.dll
0x00007fffd8420000 - 0x00007fffd8447000 	C:\Users\Yusuf\.gradle\native\f6784746aeab05261644944871eae4fe03e0ef1612fff0a4a95f87b438bc6780\windows-amd64\native-platform.dll
0x00007fffe3fb0000 - 0x00007fffe3fbd000 	C:\Program Files\Android\Android Studio1\jre\jre\bin\management.dll
0x00007ffff4cb0000 - 0x00007ffff4ce3000 	C:\Windows\system32\rsaenh.dll
0x00007ffff5a10000 - 0x00007ffff5a36000 	C:\Windows\System32\bcrypt.dll
0x00007ffff5810000 - 0x00007ffff5835000 	C:\Windows\SYSTEM32\USERENV.dll
0x00007ffff5300000 - 0x00007ffff530c000 	C:\Windows\SYSTEM32\CRYPTBASE.dll
0x00007ffff4e40000 - 0x00007ffff4e7a000 	C:\Windows\SYSTEM32\IPHLPAPI.DLL
0x00007ffff7200000 - 0x00007ffff7208000 	C:\Windows\System32\NSI.dll
0x00007fffeef50000 - 0x00007fffeef66000 	C:\Windows\SYSTEM32\dhcpcsvc6.DLL
0x00007fffefcf0000 - 0x00007fffefd0c000 	C:\Windows\SYSTEM32\dhcpcsvc.DLL
0x00007ffff4e80000 - 0x00007ffff4f4b000 	C:\Windows\SYSTEM32\DNSAPI.dll
0x00007fffeff70000 - 0x00007fffeff7b000 	C:\Windows\SYSTEM32\WINNSI.DLL
0x00007fffc95a0000 - 0x00007fffc95c4000 	C:\Program Files\Android\Android Studio1\jre\jre\bin\sunec.dll
0x00007fffe4550000 - 0x00007fffe455a000 	C:\Windows\System32\rasadhlp.dll
0x00007fffee9d0000 - 0x00007fffeea47000 	C:\Windows\System32\fwpuclnt.dll
0x00007fffdb620000 - 0x00007fffdb62b000 	C:\Program Files\Android\Android Studio1\jre\jre\bin\sunmscapi.dll
0x00007ffff6990000 - 0x00007ffff6ae1000 	C:\Windows\System32\CRYPT32.dll
0x00007ffff5970000 - 0x00007ffff5982000 	C:\Windows\System32\MSASN1.dll
0x00007fffbb700000 - 0x00007fffbb89c000 	C:\Program Files\Android\Android Studio1\jre\jre\bin\awt.dll
0x00007ffff6d40000 - 0x00007ffff6e05000 	C:\Windows\System32\OLEAUT32.dll
0x00007ffff4050000 - 0x00007ffff407d000 	C:\Windows\SYSTEM32\dwmapi.dll
0x00007ffff2410000 - 0x00007ffff29d0000 	C:\Windows\SYSTEM32\d2d1.dll
0x00007ffff3be0000 - 0x00007ffff3c79000 	C:\Windows\system32\uxtheme.dll

VM Arguments:
jvm_args: -Xmx2048m -Dfile.encoding=UTF-8 -Duser.country=TR -Duser.language=tr -Duser.variant 
java_command: org.gradle.launcher.daemon.bootstrap.GradleDaemon 6.5
java_class_path (initial): C:\Users\Yusuf\.gradle\wrapper\dists\gradle-6.5-bin\6nifqtx7604sqp1q6g8wikw7p\gradle-6.5\lib\gradle-launcher-6.5.jar
Launcher Type: SUN_STANDARD

Environment Variables:
JAVA_HOME=C:\Program Files\Java\jdk1.8.0_281
PATH=C:\Program Files\Common Files\Oracle\Java\javapath;C:\Program Files (x86)\Common Files\Oracle\Java\javapath;C:\Windows\system32;C:\Windows;C:\Windows\System32\Wbem;C:\Windows\System32\WindowsPowerShell\v1.0\;C:\Windows\System32\OpenSSH\;E:\bin;C:\Program Files\Java\jdk1.8.0_281\bin;C:\Users\Yusuf\AppData\Local\Microsoft\WindowsApps;
USERNAME=Yusuf
OS=Windows_NT
PROCESSOR_IDENTIFIER=Intel64 Family 6 Model 94 Stepping 3, GenuineIntel



---------------  S Y S T E M  ---------------

OS: Windows 10.0 , 64 bit Build 18362 (10.0.18362.1500)

CPU:total 8 (initial active 8) (4 cores per cpu, 2 threads per core) family 6 model 94 stepping 3, cmov, cx8, fxsr, mmx, sse, sse2, sse3, ssse3, sse4.1, sse4.2, popcnt, avx, avx2, aes, clmul, erms, rtm, 3dnowpref, lzcnt, ht, tsc, tscinvbit, bmi1, bmi2, adx

Memory: 4k page, physical 16673296k(966016k free), swap 29885836k(1232000k free)

vm_info: OpenJDK 64-Bit Server VM (25.242-b01) for windows-amd64 JRE (1.8.0_242-release-1644-b01), built by "builder" with MS VC++ 10.0 (VS2010)

time: Thu Apr 22 03:00:28 2021
timezone: Türkiye Standart Saati
elapsed time: 58028 seconds (0d 16h 7m 8s)

